{"/Users/aarushagarwal/Documents/Programming/hackathon-website/backend/src/index.ts": {"path":"/Users/aarushagarwal/Documents/Programming/hackathon-website/backend/src/index.ts","statementMap":{"0":{"start":{"line":1,"column":0},"end":{"line":1,"column":29}},"1":{"start":{"line":2,"column":0},"end":{"line":2,"column":23}},"2":{"start":{"line":3,"column":0},"end":{"line":3,"column":27}},"3":{"start":{"line":5,"column":0},"end":{"line":5,"column":null}},"4":{"start":{"line":7,"column":0},"end":{"line":7,"column":54}},"5":{"start":{"line":8,"column":0},"end":{"line":8,"column":42}},"6":{"start":{"line":9,"column":0},"end":{"line":9,"column":40}},"7":{"start":{"line":11,"column":12},"end":{"line":11,"column":21}},"8":{"start":{"line":12,"column":13},"end":{"line":12,"column":37}},"9":{"start":{"line":14,"column":0},"end":{"line":14,"column":null}},"10":{"start":{"line":15,"column":0},"end":{"line":15,"column":null}},"11":{"start":{"line":17,"column":0},"end":{"line":17,"column":null}},"12":{"start":{"line":18,"column":0},"end":{"line":18,"column":null}},"13":{"start":{"line":19,"column":0},"end":{"line":19,"column":null}},"14":{"start":{"line":21,"column":0},"end":{"line":23,"column":null}},"15":{"start":{"line":22,"column":2},"end":{"line":22,"column":null}},"16":{"start":{"line":25,"column":0},"end":{"line":25,"column":null}}},"fnMap":{"0":{"name":"(anonymous_1)","decl":{"start":{"line":21,"column":17},"end":{"line":21,"column":20}},"loc":{"start":{"line":21,"column":22},"end":{"line":23,"column":1}}}},"branchMap":{"0":{"loc":{"start":{"line":12,"column":13},"end":{"line":12,"column":37}},"type":"binary-expr","locations":[{"start":{"line":12,"column":13},"end":{"line":12,"column":29}},{"start":{"line":12,"column":33},"end":{"line":12,"column":37}}]}},"s":{"0":0,"1":0,"2":0,"3":0,"4":0,"5":0,"6":0,"7":0,"8":0,"9":0,"10":0,"11":0,"12":0,"13":0,"14":0,"15":0,"16":0},"f":{"0":0},"b":{"0":[0,0]}}
,"/Users/aarushagarwal/Documents/Programming/hackathon-website/backend/src/supabase.ts": {"path":"/Users/aarushagarwal/Documents/Programming/hackathon-website/backend/src/supabase.ts","statementMap":{"0":{"start":{"line":1,"column":0},"end":{"line":1,"column":52}},"1":{"start":{"line":2,"column":0},"end":{"line":2,"column":27}},"2":{"start":{"line":4,"column":0},"end":{"line":4,"column":null}},"3":{"start":{"line":6,"column":20},"end":{"line":6,"column":45}},"4":{"start":{"line":7,"column":23},"end":{"line":7,"column":61}},"5":{"start":{"line":9,"column":13},"end":{"line":9,"column":null}}},"fnMap":{},"branchMap":{},"s":{"0":0,"1":0,"2":0,"3":0,"4":0,"5":0},"f":{},"b":{}}
,"/Users/aarushagarwal/Documents/Programming/hackathon-website/backend/src/middleware/auth.ts": {"path":"/Users/aarushagarwal/Documents/Programming/hackathon-website/backend/src/middleware/auth.ts","statementMap":{"0":{"start":{"line":8,"column":0},"end":{"line":8,"column":7}},"1":{"start":{"line":2,"column":0},"end":{"line":2,"column":52}},"2":{"start":{"line":9,"column":21},"end":{"line":9,"column":46}},"3":{"start":{"line":10,"column":2},"end":{"line":12,"column":3}},"4":{"start":{"line":11,"column":4},"end":{"line":11,"column":null}},"5":{"start":{"line":14,"column":16},"end":{"line":14,"column":40}},"6":{"start":{"line":15,"column":19},"end":{"line":17,"column":null}},"7":{"start":{"line":20,"column":36},"end":{"line":20,"column":70}},"8":{"start":{"line":21,"column":2},"end":{"line":23,"column":3}},"9":{"start":{"line":22,"column":4},"end":{"line":22,"column":null}},"10":{"start":{"line":25,"column":2},"end":{"line":25,"column":null}},"11":{"start":{"line":26,"column":2},"end":{"line":26,"column":null}}},"fnMap":{"0":{"name":"requireAuth","decl":{"start":{"line":8,"column":22},"end":{"line":8,"column":33}},"loc":{"start":{"line":8,"column":85},"end":{"line":27,"column":1}}}},"branchMap":{"0":{"loc":{"start":{"line":10,"column":2},"end":{"line":12,"column":3}},"type":"if","locations":[{"start":{"line":10,"column":2},"end":{"line":12,"column":3}},{"start":{},"end":{}}]},"1":{"loc":{"start":{"line":10,"column":7},"end":{"line":10,"column":40}},"type":"cond-expr","locations":[{"start":{"line":10,"column":17},"end":{"line":10,"column":19}},{"start":{"line":10,"column":7},"end":{"line":10,"column":40}}]},"2":{"loc":{"start":{"line":10,"column":7},"end":{"line":10,"column":19}},"type":"binary-expr","locations":[{"start":{"line":10,"column":7},"end":{"line":10,"column":19}},{"start":{"line":10,"column":7},"end":{"line":10,"column":19}}]},"3":{"loc":{"start":{"line":21,"column":2},"end":{"line":23,"column":3}},"type":"if","locations":[{"start":{"line":21,"column":2},"end":{"line":23,"column":3}},{"start":{},"end":{}}]},"4":{"loc":{"start":{"line":21,"column":6},"end":{"line":21,"column":20}},"type":"binary-expr","locations":[{"start":{"line":21,"column":6},"end":{"line":21,"column":11}},{"start":{"line":21,"column":15},"end":{"line":21,"column":20}}]}},"s":{"0":2,"1":2,"2":20,"3":20,"4":3,"5":17,"6":17,"7":17,"8":17,"9":3,"10":14,"11":14},"f":{"0":20},"b":{"0":[3,17],"1":[3,17],"2":[20,20],"3":[3,14],"4":[17,14]}}
,"/Users/aarushagarwal/Documents/Programming/hackathon-website/backend/src/routes/admin.ts": {"path":"/Users/aarushagarwal/Documents/Programming/hackathon-website/backend/src/routes/admin.ts","statementMap":{"0":{"start":{"line":1,"column":0},"end":{"line":1,"column":51}},"1":{"start":{"line":2,"column":0},"end":{"line":2,"column":38}},"2":{"start":{"line":4,"column":15},"end":{"line":4,"column":23}},"3":{"start":{"line":7,"column":0},"end":{"line":47,"column":null}},"4":{"start":{"line":8,"column":19},"end":{"line":8,"column":45}},"5":{"start":{"line":9,"column":22},"end":{"line":9,"column":46}},"6":{"start":{"line":11,"column":2},"end":{"line":13,"column":3}},"7":{"start":{"line":12,"column":4},"end":{"line":12,"column":null}},"8":{"start":{"line":15,"column":40},"end":{"line":18,"column":46}},"9":{"start":{"line":20,"column":2},"end":{"line":20,"column":null}},"10":{"start":{"line":20,"column":13},"end":{"line":20,"column":null}},"11":{"start":{"line":22,"column":18},"end":{"line":26,"column":null}},"12":{"start":{"line":28,"column":20},"end":{"line":35,"column":3}},"13":{"start":{"line":29,"column":4},"end":{"line":29,"column":null}},"14":{"start":{"line":29,"column":21},"end":{"line":29,"column":null}},"15":{"start":{"line":30,"column":16},"end":{"line":30,"column":75}},"16":{"start":{"line":31,"column":4},"end":{"line":33,"column":5}},"17":{"start":{"line":32,"column":6},"end":{"line":32,"column":null}},"18":{"start":{"line":34,"column":4},"end":{"line":34,"column":null}},"19":{"start":{"line":37,"column":17},"end":{"line":37,"column":34}},"20":{"start":{"line":38,"column":15},"end":{"line":39,"column":null}},"21":{"start":{"line":39,"column":4},"end":{"line":39,"column":75}},"22":{"start":{"line":39,"column":25},"end":{"line":39,"column":64}},"23":{"start":{"line":41,"column":14},"end":{"line":41,"column":42}},"24":{"start":{"line":42,"column":15},"end":{"line":42,"column":52}},"25":{"start":{"line":44,"column":2},"end":{"line":44,"column":null}},"26":{"start":{"line":45,"column":2},"end":{"line":45,"column":null}},"27":{"start":{"line":46,"column":2},"end":{"line":46,"column":null}},"28":{"start":{"line":49,"column":0},"end":{"line":49,"column":null}}},"fnMap":{"0":{"name":"(anonymous_0)","decl":{"start":{"line":7,"column":22},"end":{"line":7,"column":27}},"loc":{"start":{"line":7,"column":60},"end":{"line":47,"column":1}}},"1":{"name":"(anonymous_1)","decl":{"start":{"line":28,"column":20},"end":{"line":28,"column":21}},"loc":{"start":{"line":28,"column":45},"end":{"line":35,"column":3}}},"2":{"name":"(anonymous_2)","decl":{"start":{"line":38,"column":40},"end":{"line":38,"column":41}},"loc":{"start":{"line":39,"column":4},"end":{"line":39,"column":75}}},"3":{"name":"(anonymous_3)","decl":{"start":{"line":39,"column":16},"end":{"line":39,"column":17}},"loc":{"start":{"line":39,"column":25},"end":{"line":39,"column":64}}}},"branchMap":{"0":{"loc":{"start":{"line":11,"column":2},"end":{"line":13,"column":3}},"type":"if","locations":[{"start":{"line":11,"column":2},"end":{"line":13,"column":3}},{"start":{},"end":{}}]},"1":{"loc":{"start":{"line":11,"column":6},"end":{"line":11,"column":46}},"type":"binary-expr","locations":[{"start":{"line":11,"column":6},"end":{"line":11,"column":18}},{"start":{"line":11,"column":22},"end":{"line":11,"column":46}}]},"2":{"loc":{"start":{"line":20,"column":2},"end":{"line":20,"column":null}},"type":"if","locations":[{"start":{"line":20,"column":2},"end":{"line":20,"column":null}},{"start":{},"end":{}}]},"3":{"loc":{"start":{"line":29,"column":4},"end":{"line":29,"column":null}},"type":"if","locations":[{"start":{"line":29,"column":4},"end":{"line":29,"column":null}},{"start":{},"end":{}}]},"4":{"loc":{"start":{"line":30,"column":16},"end":{"line":30,"column":75}},"type":"cond-expr","locations":[{"start":{"line":30,"column":42},"end":{"line":30,"column":61}},{"start":{"line":30,"column":64},"end":{"line":30,"column":75}}]},"5":{"loc":{"start":{"line":31,"column":4},"end":{"line":33,"column":5}},"type":"if","locations":[{"start":{"line":31,"column":4},"end":{"line":33,"column":5}},{"start":{},"end":{}}]},"6":{"loc":{"start":{"line":31,"column":8},"end":{"line":31,"column":68}},"type":"binary-expr","locations":[{"start":{"line":31,"column":8},"end":{"line":31,"column":25}},{"start":{"line":31,"column":29},"end":{"line":31,"column":46}},{"start":{"line":31,"column":50},"end":{"line":31,"column":68}}]},"7":{"loc":{"start":{"line":38,"column":16},"end":{"line":38,"column":34}},"type":"cond-expr","locations":[{"start":{"line":38,"column":16},"end":{"line":38,"column":28}},{"start":{"line":38,"column":32},"end":{"line":38,"column":34}}]},"8":{"loc":{"start":{"line":38,"column":16},"end":{"line":38,"column":32}},"type":"binary-expr","locations":[{"start":{"line":38,"column":16},"end":{"line":38,"column":32}},{"start":{"line":38,"column":16},"end":{"line":38,"column":32}}]}},"s":{"0":1,"1":1,"2":1,"3":1,"4":5,"5":5,"6":5,"7":2,"8":3,"9":3,"10":1,"11":2,"12":2,"13":42,"14":0,"15":42,"16":42,"17":6,"18":36,"19":2,"20":2,"21":3,"22":42,"23":2,"24":2,"25":2,"26":2,"27":2,"28":1},"f":{"0":5,"1":42,"2":3,"3":42},"b":{"0":[2,3],"1":[5,5],"2":[1,2],"3":[0,42],"4":[3,39],"5":[6,36],"6":[42,38,37],"7":[2,0],"8":[2,2]}}
,"/Users/aarushagarwal/Documents/Programming/hackathon-website/backend/src/routes/applications.ts": {"path":"/Users/aarushagarwal/Documents/Programming/hackathon-website/backend/src/routes/applications.ts","statementMap":{"0":{"start":{"line":1,"column":0},"end":{"line":1,"column":42}},"1":{"start":{"line":2,"column":0},"end":{"line":2,"column":38}},"2":{"start":{"line":3,"column":0},"end":{"line":3,"column":61}},"3":{"start":{"line":5,"column":15},"end":{"line":5,"column":23}},"4":{"start":{"line":8,"column":0},"end":{"line":20,"column":null}},"5":{"start":{"line":9,"column":26},"end":{"line":13,"column":13}},"6":{"start":{"line":15,"column":2},"end":{"line":17,"column":3}},"7":{"start":{"line":16,"column":4},"end":{"line":16,"column":null}},"8":{"start":{"line":19,"column":2},"end":{"line":19,"column":null}},"9":{"start":{"line":23,"column":0},"end":{"line":47,"column":null}},"10":{"start":{"line":28,"column":6},"end":{"line":28,"column":14}},"11":{"start":{"line":30,"column":2},"end":{"line":33,"column":3}},"12":{"start":{"line":32,"column":4},"end":{"line":32,"column":null}},"13":{"start":{"line":35,"column":20},"end":{"line":42,"column":null}},"14":{"start":{"line":45,"column":2},"end":{"line":45,"column":null}},"15":{"start":{"line":45,"column":13},"end":{"line":45,"column":null}},"16":{"start":{"line":46,"column":2},"end":{"line":46,"column":null}},"17":{"start":{"line":49,"column":0},"end":{"line":49,"column":null}}},"fnMap":{"0":{"name":"(anonymous_0)","decl":{"start":{"line":8,"column":35},"end":{"line":8,"column":40}},"loc":{"start":{"line":8,"column":77},"end":{"line":20,"column":1}}},"1":{"name":"(anonymous_1)","decl":{"start":{"line":23,"column":30},"end":{"line":23,"column":35}},"loc":{"start":{"line":23,"column":72},"end":{"line":47,"column":1}}}},"branchMap":{"0":{"loc":{"start":{"line":15,"column":2},"end":{"line":17,"column":3}},"type":"if","locations":[{"start":{"line":15,"column":2},"end":{"line":17,"column":3}},{"start":{},"end":{}}]},"1":{"loc":{"start":{"line":15,"column":6},"end":{"line":15,"column":40}},"type":"binary-expr","locations":[{"start":{"line":15,"column":6},"end":{"line":15,"column":11}},{"start":{"line":15,"column":15},"end":{"line":15,"column":40}}]},"2":{"loc":{"start":{"line":19,"column":26},"end":{"line":19,"column":38}},"type":"cond-expr","locations":[{"start":{"line":19,"column":26},"end":{"line":19,"column":30}},{"start":{"line":19,"column":34},"end":{"line":19,"column":38}}]},"3":{"loc":{"start":{"line":19,"column":26},"end":{"line":19,"column":34}},"type":"binary-expr","locations":[{"start":{"line":19,"column":26},"end":{"line":19,"column":34}},{"start":{"line":19,"column":26},"end":{"line":19,"column":34}}]},"4":{"loc":{"start":{"line":30,"column":2},"end":{"line":33,"column":3}},"type":"if","locations":[{"start":{"line":30,"column":2},"end":{"line":33,"column":3}},{"start":{},"end":{}}]},"5":{"loc":{"start":{"line":30,"column":6},"end":{"line":31,"column":78}},"type":"binary-expr","locations":[{"start":{"line":30,"column":6},"end":{"line":30,"column":16}},{"start":{"line":30,"column":20},"end":{"line":30,"column":26}},{"start":{"line":30,"column":30},"end":{"line":30,"column":43}},{"start":{"line":30,"column":47},"end":{"line":30,"column":58}},{"start":{"line":31,"column":6},"end":{"line":31,"column":21}},{"start":{"line":31,"column":25},"end":{"line":31,"column":40}},{"start":{"line":31,"column":44},"end":{"line":31,"column":59}},{"start":{"line":31,"column":63},"end":{"line":31,"column":78}}]},"6":{"loc":{"start":{"line":45,"column":2},"end":{"line":45,"column":null}},"type":"if","locations":[{"start":{"line":45,"column":2},"end":{"line":45,"column":null}},{"start":{},"end":{}}]}},"s":{"0":1,"1":1,"2":1,"3":1,"4":1,"5":3,"6":3,"7":1,"8":2,"9":1,"10":4,"11":4,"12":1,"13":3,"14":3,"15":1,"16":2,"17":1},"f":{"0":3,"1":4},"b":{"0":[1,2],"1":[3,2],"2":[1,1],"3":[2,1],"4":[1,3],"5":[4,4,4,3,3,3,3,3],"6":[1,2]}}
,"/Users/aarushagarwal/Documents/Programming/hackathon-website/backend/src/routes/upload.ts": {"path":"/Users/aarushagarwal/Documents/Programming/hackathon-website/backend/src/routes/upload.ts","statementMap":{"0":{"start":{"line":1,"column":0},"end":{"line":1,"column":42}},"1":{"start":{"line":2,"column":0},"end":{"line":2,"column":38}},"2":{"start":{"line":3,"column":0},"end":{"line":3,"column":61}},"3":{"start":{"line":5,"column":15},"end":{"line":5,"column":23}},"4":{"start":{"line":8,"column":0},"end":{"line":28,"column":null}},"5":{"start":{"line":9,"column":23},"end":{"line":9,"column":31}},"6":{"start":{"line":10,"column":2},"end":{"line":10,"column":null}},"7":{"start":{"line":10,"column":17},"end":{"line":10,"column":null}},"8":{"start":{"line":12,"column":14},"end":{"line":12,"column":39}},"9":{"start":{"line":13,"column":15},"end":{"line":13,"column":44}},"10":{"start":{"line":15,"column":26},"end":{"line":17,"column":32}},"11":{"start":{"line":19,"column":2},"end":{"line":19,"column":null}},"12":{"start":{"line":19,"column":13},"end":{"line":19,"column":null}},"13":{"start":{"line":21,"column":28},"end":{"line":21,"column":79}},"14":{"start":{"line":23,"column":2},"end":{"line":27,"column":null}},"15":{"start":{"line":30,"column":0},"end":{"line":30,"column":null}}},"fnMap":{"0":{"name":"(anonymous_0)","decl":{"start":{"line":8,"column":36},"end":{"line":8,"column":41}},"loc":{"start":{"line":8,"column":78},"end":{"line":28,"column":1}}}},"branchMap":{"0":{"loc":{"start":{"line":10,"column":2},"end":{"line":10,"column":null}},"type":"if","locations":[{"start":{"line":10,"column":2},"end":{"line":10,"column":null}},{"start":{},"end":{}}]},"1":{"loc":{"start":{"line":19,"column":2},"end":{"line":19,"column":null}},"type":"if","locations":[{"start":{"line":19,"column":2},"end":{"line":19,"column":null}},{"start":{},"end":{}}]}},"s":{"0":1,"1":1,"2":1,"3":1,"4":1,"5":7,"6":7,"7":1,"8":6,"9":6,"10":6,"11":6,"12":1,"13":5,"14":5,"15":1},"f":{"0":7},"b":{"0":[1,6],"1":[1,5]}}
}
