TN:
SF:src/index.ts
FN:21,(anonymous_1)
FNF:1
FNH:0
FNDA:0,(anonymous_1)
DA:1,0
DA:2,0
DA:3,0
DA:5,0
DA:7,0
DA:8,0
DA:9,0
DA:11,0
DA:12,0
DA:14,0
DA:15,0
DA:17,0
DA:18,0
DA:19,0
DA:21,0
DA:22,0
DA:25,0
LF:17
LH:0
BRDA:12,0,0,0
BRDA:12,0,1,0
BRF:2
BRH:0
end_of_record
TN:
SF:src/supabase.ts
FNF:0
FNH:0
DA:1,0
DA:2,0
DA:4,0
DA:6,0
DA:7,0
DA:9,0
LF:6
LH:0
BRF:0
BRH:0
end_of_record
TN:
SF:src/middleware/auth.ts
FN:8,requireAuth
FNF:1
FNH:1
FNDA:20,requireAuth
DA:2,2
DA:8,2
DA:9,20
DA:10,20
DA:11,3
DA:14,17
DA:15,17
DA:20,17
DA:21,17
DA:22,3
DA:25,14
DA:26,14
LF:12
LH:12
BRDA:10,0,0,3
BRDA:10,0,1,17
BRDA:10,1,0,3
BRDA:10,1,1,17
BRDA:10,2,0,20
BRDA:10,2,1,20
BRDA:21,3,0,3
BRDA:21,3,1,14
BRDA:21,4,0,17
BRDA:21,4,1,14
BRF:10
BRH:10
end_of_record
TN:
SF:src/routes/admin.ts
FN:7,(anonymous_0)
FN:28,(anonymous_1)
FN:38,(anonymous_2)
FN:39,(anonymous_3)
FNF:4
FNH:4
FNDA:5,(anonymous_0)
FNDA:42,(anonymous_1)
FNDA:3,(anonymous_2)
FNDA:42,(anonymous_3)
DA:1,1
DA:2,1
DA:4,1
DA:7,1
DA:8,5
DA:9,5
DA:11,5
DA:12,2
DA:15,3
DA:20,3
DA:22,2
DA:28,2
DA:29,42
DA:30,42
DA:31,42
DA:32,6
DA:34,36
DA:37,2
DA:38,2
DA:39,42
DA:41,2
DA:42,2
DA:44,2
DA:45,2
DA:46,2
DA:49,1
LF:26
LH:26
BRDA:11,0,0,2
BRDA:11,0,1,3
BRDA:11,1,0,5
BRDA:11,1,1,5
BRDA:20,2,0,1
BRDA:20,2,1,2
BRDA:29,3,0,0
BRDA:29,3,1,42
BRDA:30,4,0,3
BRDA:30,4,1,39
BRDA:31,5,0,6
BRDA:31,5,1,36
BRDA:31,6,0,42
BRDA:31,6,1,38
BRDA:31,6,2,37
BRDA:38,7,0,2
BRDA:38,7,1,0
BRDA:38,8,0,2
BRDA:38,8,1,2
BRF:19
BRH:17
end_of_record
TN:
SF:src/routes/applications.ts
FN:8,(anonymous_0)
FN:23,(anonymous_1)
FNF:2
FNH:2
FNDA:3,(anonymous_0)
FNDA:4,(anonymous_1)
DA:1,1
DA:2,1
DA:3,1
DA:5,1
DA:8,1
DA:9,3
DA:15,3
DA:16,1
DA:19,2
DA:23,1
DA:28,4
DA:30,4
DA:32,1
DA:35,3
DA:45,3
DA:46,2
DA:49,1
LF:17
LH:17
BRDA:15,0,0,1
BRDA:15,0,1,2
BRDA:15,1,0,3
BRDA:15,1,1,2
BRDA:19,2,0,1
BRDA:19,2,1,1
BRDA:19,3,0,2
BRDA:19,3,1,1
BRDA:30,4,0,1
BRDA:30,4,1,3
BRDA:30,5,0,4
BRDA:30,5,1,4
BRDA:30,5,2,4
BRDA:30,5,3,3
BRDA:30,5,4,3
BRDA:30,5,5,3
BRDA:30,5,6,3
BRDA:30,5,7,3
BRDA:45,6,0,1
BRDA:45,6,1,2
BRF:20
BRH:20
end_of_record
TN:
SF:src/routes/upload.ts
FN:8,(anonymous_0)
FNF:1
FNH:1
FNDA:7,(anonymous_0)
DA:1,1
DA:2,1
DA:3,1
DA:5,1
DA:8,1
DA:9,7
DA:10,7
DA:12,6
DA:13,6
DA:15,6
DA:19,6
DA:21,5
DA:23,5
DA:30,1
LF:14
LH:14
BRDA:10,0,0,1
BRDA:10,0,1,6
BRDA:19,1,0,1
BRDA:19,1,1,5
BRF:4
BRH:4
end_of_record
